Arguments: 
  C:\Program Files\nodejs\node.exe C:\Program Files (x86)\Yarn\bin\yarn.js add nodemon surcrase -D

PATH: 
  C:\ProgramData\Oracle\Java\javapath;C:\Program Files (x86)\Common Files\Oracle\Java\javapath;C:\WINDOWS\system32;C:\WINDOWS;C:\WINDOWS\System32\Wbem;C:\WINDOWS\System32\WindowsPowerShell\v1.0\;C:\WINDOWS\System32\OpenSSH\;C:\Program Files (x86)\Intel\Intel(R) Management Engine Components\DAL;C:\Program Files\Intel\Intel(R) Management Engine Components\DAL;C:\Program Files\dotnet\;C:\Program Files\Microsoft SQL Server\130\Tools\Binn\;C:\Program Files\Microsoft SQL Server\Client SDK\ODBC\170\Tools\Binn\;C:\Program Files\nodejs\;C:\ProgramData\chocolatey\bin;C:\Users\kaueh\AppData\Local\Android\Sdk\platform-tools;C:\Program Files (x86)\Yarn\bin\;C:\Program Files\OpenJDK\openjdk-8u275-b01\bin;C:\Program Files\Git\cmd;C:\Program Files\MySQL\MySQL Shell 8.0\bin\;C:\Users\kaueh\AppData\Local\Microsoft\WindowsApps;C:\Program Files\Nova pasta\PyCharm Community Edition 2020.2.3\bin;C:\Users\kaueh\AppData\Local\Programs\Microsoft VS Code\bin;C:\Users\kaueh\.dotnet\tools;C:\Users\kaueh\AppData\Roaming\npm;C:\Users\kaueh\AppData\Local\Yarn\bin;C:\Users\kaueh\AppData\Local\Android\Sdk\platform-tools;C:\Users\kaueh\AppData\Local\GitHubDesktop\bin;C:\Program Files\JetBrains\PyCharm Community Edition 2020.3.1\bin;

Yarn version: 
  1.22.5

Node version: 
  12.18.3

Platform: 
  win32 x64

Trace: 
  Error: https://registry.yarnpkg.com/surcrase: Not found
      at Request.params.callback [as _callback] (C:\Program Files (x86)\Yarn\lib\cli.js:66097:18)
      at Request.self.callback (C:\Program Files (x86)\Yarn\lib\cli.js:140749:22)
      at Request.emit (events.js:315:20)
      at Request.<anonymous> (C:\Program Files (x86)\Yarn\lib\cli.js:141721:10)
      at Request.emit (events.js:315:20)
      at IncomingMessage.<anonymous> (C:\Program Files (x86)\Yarn\lib\cli.js:141643:12)
      at Object.onceWrapper (events.js:421:28)
      at IncomingMessage.emit (events.js:327:22)
      at endReadableNT (_stream_readable.js:1220:12)
      at processTicksAndRejections (internal/process/task_queues.js:84:21)

npm manifest: 
  {
    "name": "api_rest_sql",
    "version": "1.0.0",
    "description": "",
    "main": "index.js",
    "scripts": {
      "test": "echo \"Error: no test specified\" && exit 1"
    },
    "keywords": [],
    "author": "",
    "license": "ISC",
    "devDependencies": {
      "eslint": "^7.19.0",
      "eslint-config-airbnb-base": "^14.2.1",
      "eslint-plugin-import": "^2.22.1"
    }
  }

yarn manifest: 
  No manifest

Lockfile: 
  No lockfile
